<?xml version="1.0" encoding="UTF-8"?>
<!-- Generated by org.testng.reporters.JUnitXMLReporter -->
<testsuite hostname="HOME" ignored="0" name="testcase2" tests="1" failures="1" timestamp="26 Sep 2017 11:11:27 GMT" time="53.314" errors="0">
  <testcase name="testCase2" time="44.458" classname="com.testing.TestCase2">
    <failure type="java.lang.AssertionError" message="expected [Test User] but found []">
      <![CDATA[java.lang.AssertionError: expected [Test User] but found []
	at com.testing.TestCase2.testCase2(TestCase2.java:53)
... Removed 31 stack frames]]>
    </failure>
  </testcase> <!-- testCase2 -->
</testsuite> <!-- testcase2 -->
