<?xml version="1.0" encoding="UTF-8"?>
<testng-results skipped="0" failed="0" ignored="0" total="1" passed="1">
  <reporter-output>
  </reporter-output>
  <suite name="Default suite" duration-ms="58976" started-at="2017-09-24T05:05:14Z" finished-at="2017-09-24T05:06:13Z">
    <groups>
    </groups>
    <test name="Default test" duration-ms="58976" started-at="2017-09-24T05:05:14Z" finished-at="2017-09-24T05:06:13Z">
      <class name="com.testing.TestCase1">
        <test-method status="PASS" signature="beforeClass()[pri:0, instance:com.testing.TestCase1@5419f379]" name="beforeClass" is-config="true" duration-ms="20454" started-at="2017-09-24T10:35:14Z" finished-at="2017-09-24T10:35:35Z">
          <reporter-output>
          </reporter-output>
        </test-method> <!-- beforeClass -->
        <test-method status="PASS" signature="testing()[pri:0, instance:com.testing.TestCase1@5419f379]" name="testing" duration-ms="33057" started-at="2017-09-24T10:35:35Z" finished-at="2017-09-24T10:36:08Z">
          <reporter-output>
          </reporter-output>
        </test-method> <!-- testing -->
        <test-method status="PASS" signature="afterClass()[pri:0, instance:com.testing.TestCase1@5419f379]" name="afterClass" is-config="true" duration-ms="5405" started-at="2017-09-24T10:36:08Z" finished-at="2017-09-24T10:36:13Z">
          <reporter-output>
          </reporter-output>
        </test-method> <!-- afterClass -->
      </class> <!-- com.testing.TestCase1 -->
    </test> <!-- Default test -->
  </suite> <!-- Default suite -->
</testng-results>
